-------------------------------------------
Model:RAYL_320_80_32000_8000.disp
Dispersion for a path: -31.651  -71.744 to -19.202   17.584
Includes azimuthal anisotropy for Rayleigh waves
 f (mHz) c(PREM)       c  dc (%) U(PREM)       U  dU (%)
   4.000   4.918   4.932   0.269   3.578   3.587   0.266
   4.364   4.769   4.782   0.269   3.568   3.578   0.271
   4.727   4.650   4.663   0.270   3.577   3.587   0.275
   5.091   4.555   4.567   0.270   3.594   3.604   0.274
   5.455   4.477   4.489   0.270   3.612   3.622   0.268
   5.818   4.412   4.424   0.271   3.630   3.640   0.288
   6.182   4.358   4.370   0.274   3.646   3.659   0.356
   6.545   4.313   4.325   0.283   3.660   3.678   0.485
   6.909   4.274   4.287   0.301   3.674   3.699   0.685
   7.273   4.240   4.254   0.331   3.685   3.721   0.964
   7.636   4.211   4.227   0.373   3.696   3.742   1.239
   8.000   4.185   4.203   0.423   3.706   3.761   1.471
   8.364   4.163   4.183   0.478   3.716   3.777   1.646
   8.727   4.143   4.165   0.535   3.725   3.790   1.750
   9.091   4.125   4.149   0.589   3.733   3.799   1.767
   9.455   4.109   4.135   0.637   3.741   3.804   1.687
   9.818   4.095   4.122   0.677   3.749   3.808   1.584
  10.182   4.082   4.111   0.710   3.756   3.812   1.498
  10.545   4.070   4.100   0.738   3.763   3.817   1.435
  10.909   4.060   4.091   0.762   3.770   3.823   1.400
  11.273   4.050   4.082   0.784   3.776   3.829   1.399
  11.636   4.042   4.074   0.805   3.782   3.837   1.437
  12.000   4.034   4.067   0.827   3.788   3.846   1.520
  12.364   4.026   4.061   0.850   3.794   3.856   1.638
  12.727   4.020   4.055   0.876   3.799   3.865   1.745
  13.091   4.014   4.050   0.902   3.804   3.874   1.838
  13.455   4.008   4.045   0.930   3.808   3.881   1.915
  13.818   4.003   4.041   0.958   3.812   3.888   1.972
  14.182   3.998   4.037   0.985   3.816   3.893   2.009
  14.545   3.994   4.034   1.012   3.820   3.897   2.022
  14.909   3.990   4.031   1.038   3.823   3.900   2.009
  15.273   3.986   4.028   1.061   3.826   3.901   1.969
  15.636   3.982   4.025   1.082   3.828   3.901   1.909
  16.000   3.979   4.023   1.101   3.831   3.902   1.855
  16.364   3.976   4.020   1.118   3.833   3.902   1.812
  16.727   3.973   4.018   1.133   3.834   3.903   1.780
  17.091   3.970   4.015   1.147   3.836   3.903   1.762
  17.455   3.967   4.013   1.160   3.837   3.904   1.758
  17.818   3.965   4.011   1.173   3.838   3.906   1.769
  18.182   3.962   4.009   1.185   3.839   3.908   1.799
  18.545   3.960   4.007   1.198   3.839   3.910   1.847
  18.909   3.958   4.006   1.212   3.839   3.913   1.915
  19.273   3.955   4.004   1.226   3.839   3.916   2.005
  19.636   3.953   4.002   1.242   3.839   3.919   2.091
  20.000   3.951   4.001   1.258   3.839   3.922   2.161
  20.364   3.949   4.000   1.275   3.838   3.923   2.212
  20.727   3.948   3.999   1.292   3.837   3.923   2.244
  21.091   3.946   3.997   1.309   3.836   3.923   2.254
  21.455   3.944   3.996   1.326   3.835   3.921   2.242
  21.818   3.942   3.995   1.341   3.834   3.918   2.206
  22.182   3.941   3.994   1.355   3.832   3.914   2.144
  22.545   3.939   3.993   1.367   3.831   3.909   2.056
  22.909   3.937   3.991   1.378   3.829   3.903   1.940
  23.273   3.936   3.990   1.385   3.827   3.896   1.795
  23.636   3.934   3.989   1.391   3.825   3.887   1.622
  24.000   3.932   3.987   1.393   3.822   3.878   1.454
  24.364   3.931   3.985   1.393   3.820   3.870   1.305
  24.727   3.929   3.984   1.390   3.818   3.862   1.174
  25.091   3.927   3.982   1.386   3.815   3.855   1.064
  25.455   3.926   3.980   1.381   3.812   3.849   0.974
  25.818   3.924   3.978   1.375   3.809   3.844   0.908
  26.182   3.923   3.976   1.368   3.806   3.839   0.866
  26.545   3.921   3.974   1.360   3.803   3.835   0.849
  26.909   3.920   3.973   1.353   3.800   3.832   0.859
  27.273   3.918   3.971   1.347   3.796   3.830   0.897
  27.636   3.916   3.969   1.341   3.793   3.829   0.964
  28.000   3.915   3.967   1.337   3.789   3.829   1.063
  28.364   3.913   3.965   1.334   3.785   3.830   1.188
  28.727   3.911   3.964   1.333   3.781   3.831   1.305
  29.091   3.910   3.962   1.333   3.777   3.830   1.405
  29.455   3.908   3.960   1.334   3.773   3.829   1.487
  29.818   3.906   3.959   1.337   3.769   3.827   1.551
  30.182   3.905   3.957   1.340   3.764   3.824   1.595
  30.545   3.903   3.956   1.343   3.760   3.821   1.618
  30.909   3.901   3.954   1.347   3.755   3.816   1.620
  31.273   3.900   3.952   1.350   3.750   3.810   1.598
  31.636   3.898   3.951   1.352   3.745   3.804   1.553
  32.000   3.896   3.949   1.354   3.740   3.796   1.483
  32.364   3.894   3.947   1.355   3.735   3.787   1.388
  32.727   3.892   3.945   1.355   3.730   3.777   1.267
  33.091   3.891   3.943   1.353   3.725   3.766   1.123
  33.455   3.889   3.941   1.350   3.719   3.756   0.988
  33.818   3.887   3.939   1.345   3.714   3.746   0.870
  34.182   3.885   3.937   1.339   3.708   3.736   0.768
  34.545   3.883   3.935   1.333   3.702   3.727   0.685
  34.909   3.881   3.932   1.325   3.696   3.719   0.620
  35.273   3.879   3.930   1.317   3.690   3.711   0.575
  35.636   3.877   3.928   1.309   3.683   3.704   0.550
  36.000   3.875   3.925   1.301   3.677   3.697   0.545
  36.364   3.873   3.923   1.293   3.670   3.691   0.562
  36.727   3.871   3.920   1.285   3.664   3.686   0.601
  37.091   3.869   3.918   1.278   3.657   3.681   0.662
  37.455   3.866   3.916   1.273   3.650   3.677   0.743
  37.818   3.864   3.913   1.268   3.643   3.673   0.814
  38.182   3.862   3.911   1.263   3.636   3.667   0.874
  38.545   3.860   3.908   1.260   3.628   3.662   0.921
  38.909   3.857   3.906   1.256   3.621   3.655   0.955
  39.273   3.855   3.903   1.254   3.613   3.648   0.974
  39.636   3.853   3.901   1.251   3.605   3.641   0.980
  40.000   3.850   3.898   1.248   3.597   3.632   0.971
